<?xml version="1.0" encoding="UTF-8"?>
<!-- Generated by org.testng.reporters.JUnitXMLReporter -->
<testsuite hostname="kovalenko" name="Default test" tests="4" failures="0" timestamp="24 Jan 2018 09:33:05 GMT" time="25.911" errors="0">
  <testcase name="testEmptyContactCreation" time="2.647" classname="com.example.tests.ContactCreationTest"/>
  <testcase name="testNonEmptyContactCreation" time="2.946" classname="com.example.tests.ContactCreationTest"/>
  <testcase name="testEmptyGroupCreation" time="1.245" classname="com.example.tests.GruopCreationTests"/>
  <testcase name="testNonEmptyGroupCreation" time="1.316" classname="com.example.tests.GruopCreationTests"/>
</testsuite> <!-- Default test -->
