<?xml version="1.0" encoding="UTF-8"?>
<!-- Generated by org.testng.reporters.JUnitXMLReporter -->
<testsuite hostname="kovalenko" name="Default test" tests="4" failures="0" timestamp="22 Jan 2018 14:57:15 GMT" time="25.92" errors="0">
  <testcase name="testEmptyGroupCreation" time="1.843" classname="com.example.tests.AlsoGruopCreationTests"/>
  <testcase name="testNonEmptyGroupCreation" time="1.827" classname="com.example.tests.AlsoGruopCreationTests"/>
  <testcase name="testEmptyGroupCreation" time="1.688" classname="com.example.tests.GruopCreationTests"/>
  <testcase name="testNonEmptyGroupCreation" time="1.861" classname="com.example.tests.GruopCreationTests"/>
</testsuite> <!-- Default test -->
